    32>D:\projects\misis2023f-23-check\misis2024s-23-03-fediunin-e-a\prj.app\robocalc\robocalc.cpp(89,30): error C2039: "stod": не является членом "std". [D:\projects\misis2023f-23-check\misis2024s-23-03-fediunin-e-a\build.check\prj.app\robocalc\robocalc.vcxproj]
    32>D:\projects\misis2023f-23-check\misis2024s-23-03-fediunin-e-a\prj.app\robocalc\robocalc.cpp(89,30): error C3861: stod: идентификатор не найден [D:\projects\misis2023f-23-check\misis2024s-23-03-fediunin-e-a\build.check\prj.app\robocalc\robocalc.vcxproj]
    32>D:\projects\misis2023f-23-check\misis2024s-23-03-fediunin-e-a\prj.app\robocalc\robocalc.cpp(91,29): error C2039: "stod": не является членом "std". [D:\projects\misis2023f-23-check\misis2024s-23-03-fediunin-e-a\build.check\prj.app\robocalc\robocalc.vcxproj]
    32>D:\projects\misis2023f-23-check\misis2024s-23-03-fediunin-e-a\prj.app\robocalc\robocalc.cpp(91,29): error C3861: stod: идентификатор не найден [D:\projects\misis2023f-23-check\misis2024s-23-03-fediunin-e-a\build.check\prj.app\robocalc\robocalc.vcxproj]
    32>D:\projects\misis2023f-23-check\misis2024s-23-03-fediunin-e-a\prj.app\robocalc\robocalc.cpp(93,29): error C2039: "stod": не является членом "std". [D:\projects\misis2023f-23-check\misis2024s-23-03-fediunin-e-a\build.check\prj.app\robocalc\robocalc.vcxproj]
    32>D:\projects\misis2023f-23-check\misis2024s-23-03-fediunin-e-a\prj.app\robocalc\robocalc.cpp(93,29): error C3861: stod: идентификатор не найден [D:\projects\misis2023f-23-check\misis2024s-23-03-fediunin-e-a\build.check\prj.app\robocalc\robocalc.vcxproj]
    32>D:\projects\misis2023f-23-check\misis2024s-23-03-fediunin-e-a\prj.app\robocalc\robocalc.cpp(95,29): error C2039: "stod": не является членом "std". [D:\projects\misis2023f-23-check\misis2024s-23-03-fediunin-e-a\build.check\prj.app\robocalc\robocalc.vcxproj]
    32>D:\projects\misis2023f-23-check\misis2024s-23-03-fediunin-e-a\prj.app\robocalc\robocalc.cpp(95,29): error C3861: stod: идентификатор не найден [D:\projects\misis2023f-23-check\misis2024s-23-03-fediunin-e-a\build.check\prj.app\robocalc\robocalc.vcxproj]
     9>D:\projects\misis2023f-23-check\misis2024s-23-03-fediunin-e-a\prj.check\prj.check\doctest_bitset\doctest_bitset.cpp(103,3): error C2280: "BitProxy &BitProxy::operator =(const BitProxy &)": предпринята попытка ссылки на удаленную функцию [D:\projects\misis2023f-23-check\misis2024s-23-03-fediunin-e-a\build.check\prj.check\prj.check\doctest_bitset\doctest_bitset.vcxproj]
     9>D:\projects\misis2023f-23-check\misis2024s-23-03-fediunin-e-a\prj.check\prj.check\doctest_bitset\doctest_bitset.cpp(109,17): error C2280: "BitProxy &BitProxy::operator =(const BitProxy &)": предпринята попытка ссылки на удаленную функцию [D:\projects\misis2023f-23-check\misis2024s-23-03-fediunin-e-a\build.check\prj.check\prj.check\doctest_bitset\doctest_bitset.vcxproj]
     9>D:\projects\misis2023f-23-check\misis2024s-23-03-fediunin-e-a\prj.check\prj.check\doctest_bitset\doctest_bitset.cpp(121,3): error C2280: "BitProxy &BitProxy::operator =(const BitProxy &)": предпринята попытка ссылки на удаленную функцию [D:\projects\misis2023f-23-check\misis2024s-23-03-fediunin-e-a\build.check\prj.check\prj.check\doctest_bitset\doctest_bitset.vcxproj]
     9>D:\projects\misis2023f-23-check\misis2024s-23-03-fediunin-e-a\prj.check\prj.check\doctest_bitset\doctest_bitset.cpp(130,3): error C2280: "BitProxy &BitProxy::operator =(const BitProxy &)": предпринята попытка ссылки на удаленную функцию [D:\projects\misis2023f-23-check\misis2024s-23-03-fediunin-e-a\build.check\prj.check\prj.check\doctest_bitset\doctest_bitset.vcxproj]
